[15:10:13] [ServerMain/INFO]: [bootstrap] Running Java 23 (Java HotSpot(TM) 64-Bit Server VM 23.0.2+7-58; Oracle Corporation null) on Windows 11 10.0 (amd64)
[15:10:13] [ServerMain/INFO]: [bootstrap] Loading Paper 1.21.11-128-ver/1.21.11@1fdbce1 (2026-04-04T20:51:11Z) for Minecraft 1.21.11
[15:10:15] [ServerMain/INFO]: [PluginInitializerManager] Initializing plugins...
[15:10:15] [ServerMain/INFO]: [PluginInitializerManager] Initialized 1 plugin
[15:10:15] [ServerMain/INFO]: [PluginInitializerManager] Bukkit plugins (1):
 - FallenKingdom (2.24.7)
[15:10:20] [ServerMain/INFO]: Environment: Environment[sessionHost=https://sessionserver.mojang.com, servicesHost=https://api.minecraftservices.com, profilesHost=https://api.mojang.com, name=PROD]
[15:10:21] [ServerMain/WARN]: Not a valid resource location: gameLoopFunction Non [a-z0-9/._-] character in path of location: minecraft:gameLoopFunction; Not a valid resource location: gameLoopFunction Non [a-z0-9/._-] character in path of location: minecraft:gameLoopFunction missed input: {gameLoopFunction:"-"}
[15:10:21] [ServerMain/INFO]: Found new data pack file/bukkit, loading it automatically
[15:10:21] [ServerMain/INFO]: Found new data pack paper, loading it automatically
[15:10:22] [ServerMain/WARN]: Not a valid resource location: gameLoopFunction Non [a-z0-9/._-] character in path of location: minecraft:gameLoopFunction; Not a valid resource location: gameLoopFunction Non [a-z0-9/._-] character in path of location: minecraft:gameLoopFunction missed input: {gameLoopFunction:"-"}
[15:10:23] [ServerMain/INFO]: Loaded 1470 recipes
[15:10:23] [ServerMain/INFO]: Loaded 1584 advancements
[15:10:23] [ServerMain/INFO]: [ca.spottedleaf.dataconverter.minecraft.datatypes.MCTypeRegistry] Initialising converters for DataConverter...
[15:10:23] [ServerMain/INFO]: [ca.spottedleaf.dataconverter.minecraft.datatypes.MCTypeRegistry] Finished initialising converters for DataConverter in 344,2ms
[15:10:24] [Server thread/INFO]: Starting minecraft server version 1.21.11
[15:10:24] [Server thread/INFO]: Loading properties
[15:10:24] [Server thread/INFO]: This server is running Paper version 1.21.11-128-ver/1.21.11@1fdbce1 (2026-04-04T20:51:11Z) (Implementing API version 1.21.11-R0.1-SNAPSHOT)
[15:10:24] [Server thread/INFO]: [spark] This server bundles the spark profiler. For more information please visit https://docs.papermc.io/paper/profiling
[15:10:24] [Server thread/INFO]: Server Ping Player Sample Count: 12
[15:10:24] [Server thread/INFO]: Using 4 threads for Netty based IO
[15:10:24] [Server thread/INFO]: [MoonriseCommon] Paper is using 4 worker threads, 1 I/O threads
[15:10:25] [Server thread/INFO]: Default game type: SURVIVAL
[15:10:25] [Server thread/INFO]: Generating keypair
[15:10:25] [Server thread/INFO]: Starting Minecraft server on *:10000
[15:10:25] [Server thread/INFO]: Paper: Using Java compression from Velocity.
[15:10:25] [Server thread/INFO]: Paper: Using Java cipher from Velocity.
[15:10:25] [Server thread/INFO]: [FK] Loading server plugin FallenKingdom v2.24.7
[15:10:25] [Server thread/INFO]: Server permissions file permissions.yml is empty, ignoring it
[15:10:25] [Server thread/INFO]: Preparing level "world"
[15:10:25] [Server thread/WARN]: Not a valid resource location: gameLoopFunction Non [a-z0-9/._-] character in path of location: minecraft:gameLoopFunction; Not a valid resource location: gameLoopFunction Non [a-z0-9/._-] character in path of location: minecraft:gameLoopFunction missed input: {gameLoopFunction:"-"}
[15:10:25] [Server thread/WARN]: Not a valid resource location: gameLoopFunction Non [a-z0-9/._-] character in path of location: minecraft:gameLoopFunction; Not a valid resource location: gameLoopFunction Non [a-z0-9/._-] character in path of location: minecraft:gameLoopFunction missed input: {gameLoopFunction:"-"}
[15:10:25] [Server thread/INFO]: Loading 0 persistent chunks for world 'minecraft:overworld'...
[15:10:25] [Server thread/INFO]: Preparing spawn area: 100%
[15:10:25] [Server thread/INFO]: Prepared spawn area in 3 ms
[15:10:25] [Server thread/INFO]: Loading 0 persistent chunks for world 'minecraft:the_nether'...
[15:10:25] [Server thread/INFO]: Prepared spawn area in 2 ms
[15:10:25] [Server thread/INFO]: Loading 0 persistent chunks for world 'minecraft:the_end'...
[15:10:25] [Server thread/INFO]: Preparing spawn area: 100%
[15:10:25] [Server thread/INFO]: Prepared spawn area in 2 ms
[15:10:25] [Server thread/INFO]: Done preparing level "world" (0.351s)
[15:10:25] [Server thread/INFO]: [FK] Enabling FallenKingdom v2.24.7
[15:10:25] [Server thread/INFO]: [FK] Enable asynchronous tab completion...
[15:10:26] [Server thread/INFO]: [spark] Starting background profiler...
[15:10:26] [Server thread/INFO]: [spark] The async-profiler engine is not supported for your os/arch (windows11/amd64), so the built-in Java engine will be used instead.
[15:10:26] [Server thread/INFO]: Running delayed init tasks
[15:10:26] [Server thread/INFO]: Done (13.548s)! For help, type "help"
[15:11:11] [User Authenticator #0/INFO]: UUID of player Mattmathbg is 02b44366-6db3-4911-8874-53ba6347d78a
[15:11:13] [Server thread/WARN]: [ca.spottedleaf.moonrise.patches.chunk_system.level.entity.EntityLookup] Entity uuid already exists: f2387df2-d7fa-416a-9fc8-95ee839bae85, mapped to Sheep['Sheep'/6, uuid='f2387df2-d7fa-416a-9fc8-95ee839bae85', l='ServerLevel[world]', x=-30.75, y=124.00, z=-18.14, cpos=[-2, -2], tl=0, v=false], can't add Sheep['Sheep'/39, uuid='f2387df2-d7fa-416a-9fc8-95ee839bae85', l='ServerLevel[world]', x=-29.42, y=124.00, z=-14.80, cpos=[-2, -1], tl=0, v=false]
[15:11:13] [Server thread/WARN]: [ca.spottedleaf.moonrise.patches.chunk_system.level.entity.EntityLookup] Entity uuid already exists: b2cea581-c524-4df5-8032-692b96ad40fa, mapped to Chicken['Chicken'/57, uuid='b2cea581-c524-4df5-8032-692b96ad40fa', l='ServerLevel[world]', x=39.87, y=121.00, z=-32.76, cpos=[2, -3], tl=0, v=false], can't add Chicken['Chicken'/65, uuid='b2cea581-c524-4df5-8032-692b96ad40fa', l='ServerLevel[world]', x=45.83, y=121.00, z=-26.44, cpos=[2, -2], tl=0, v=false]
[15:11:14] [Server thread/INFO]: Mattmathbg[/192.168.1.254:61402] logged in with entity id 79 at ([world]-13.699999988079071, 111.0, -8.791118317494657)
[15:11:27] [Server thread/INFO]: Villager Villager['Nitwit'/173, uuid='5e92bbda-b497-4349-93ab-9ce752d9ee0f', l='ServerLevel[world]', x=22.50, y=69.00, z=93.50, cpos=[1, 5], tl=192, v=true] died, message: 'Nitwit suffocated in a wall'
[15:11:28] [Server thread/INFO]: Villager Villager['Villager'/214, uuid='8344efbd-a68c-4e46-b33c-f37be4ecf821', l='ServerLevel[world]', x=33.50, y=64.00, z=102.50, cpos=[2, 6], tl=192, v=true] died, message: 'Villager suffocated in a wall'
[15:11:37] [Server thread/INFO]: Villager Villager['Villager'/312, uuid='395a66f2-e556-455c-9f4c-7a3efcc46b7f', l='ServerLevel[world]', x=12.72, y=70.00, z=163.63, cpos=[0, 10], tl=191, v=true] died, message: 'Villager suffocated in a wall'
[15:11:37] [Server thread/INFO]: Villager Villager['Villager'/314, uuid='115d271f-f67e-455f-a0a8-a88deded9c56', l='ServerLevel[world]', x=10.79, y=69.00, z=160.21, cpos=[0, 10], tl=191, v=true] died, message: 'Villager suffocated in a wall'
[15:11:37] [Server thread/INFO]: Villager Villager['Villager'/315, uuid='3390fb94-ce57-46e2-a443-d32f9645cc13', l='ServerLevel[world]', x=13.86, y=69.00, z=160.14, cpos=[0, 10], tl=191, v=true] died, message: 'Villager suffocated in a wall'
[15:13:56] [Server thread/INFO]: Mattmathbg issued server command: /fk team chestsRoom
[15:17:19] [Server thread/WARN]: Mattmathbg was kicked for floating too long!
[15:17:19] [Server thread/INFO]: Mattmathbg lost connection: Flying is not enabled on this server
[15:18:03] [User Authenticator #1/INFO]: UUID of player Mattmathbg is 02b44366-6db3-4911-8874-53ba6347d78a
[15:18:04] [Server thread/INFO]: Mattmathbg[/192.168.1.254:63667] logged in with entity id 3853 at ([world]-4.237629732162057, 101.05411736736092, 122.8926147092073)
[15:18:47] [Server thread/INFO]: Unknown or incomplete command. See below for error
hrlp<--[HERE]
[15:18:49] [Server thread/INFO]: --------- Help: Index ---------------------------------
[15:18:49] [Server thread/INFO]: Use /help [n] to get page n of help.
[15:18:49] [Server thread/INFO]: Aliases: Lists command aliases
[15:18:49] [Server thread/INFO]: Bukkit: All commands for Bukkit
[15:18:49] [Server thread/INFO]: FallenKingdom: All commands for FallenKingdom
[15:18:49] [Server thread/INFO]: Minecraft: All commands for Minecraft
[15:18:49] [Server thread/INFO]: Paper: All commands for Paper
[15:18:49] [Server thread/INFO]: /about: Gets the version of this server including any plugins in use
[15:18:49] [Server thread/INFO]: /advancement: A Mojang provided command.
[15:18:49] [Server thread/INFO]: /attribute: A Mojang provided command.
[15:18:49] [Server thread/INFO]: /ban: A Mojang provided command.
[15:18:49] [Server thread/INFO]: /ban-ip: A Mojang provided command.
[15:18:49] [Server thread/INFO]: /banlist: A Mojang provided command.
[15:18:49] [Server thread/INFO]: /bossbar: A Mojang provided command.
[15:18:49] [Server thread/INFO]: /bukkit:about: Gets the version of this server including any plugins in use
[15:18:49] [Server thread/INFO]: /bukkit:pl: Gets a list of plugins running on the server
[15:18:49] [Server thread/INFO]: /bukkit:plugins: Gets a list of plugins running on the server
[15:18:49] [Server thread/INFO]: /bukkit:ver: Gets the version of this server including any plugins in use
[15:18:49] [Server thread/INFO]: /bukkit:version: Gets the version of this server including any plugins in use
[15:18:49] [Server thread/INFO]: /clear: A Mojang provided command.
[15:18:49] [Server thread/INFO]: /clone: A Mojang provided command.
[15:18:49] [Server thread/INFO]: /damage: A Mojang provided command.
[15:18:49] [Server thread/INFO]: /data: A Mojang provided command.
[15:18:49] [Server thread/INFO]: /datapack: A Mojang provided command.
[15:18:49] [Server thread/INFO]: /debug: A Mojang provided command.
[15:18:49] [Server thread/INFO]: /defaultgamemode: A Mojang provided command.
[15:18:49] [Server thread/INFO]: /deop: A Mojang provided command.
[15:18:49] [Server thread/INFO]: /dialog: A Mojang provided command.
[15:18:49] [Server thread/INFO]: /difficulty: A Mojang provided command.
[15:18:49] [Server thread/INFO]: /effect: A Mojang provided command.
[15:18:49] [Server thread/INFO]: /enchant: A Mojang provided command.
[15:18:49] [Server thread/INFO]: /execute: A Mojang provided command.
[15:18:49] [Server thread/INFO]: /experience: A Mojang provided command.
[15:18:49] [Server thread/INFO]: /fallenkingdom:fk: 
[15:18:49] [Server thread/INFO]: /fetchprofile: A Mojang provided command.
[15:18:49] [Server thread/INFO]: /fill: A Mojang provided command.
[15:18:49] [Server thread/INFO]: /fillbiome: A Mojang provided command.
[15:18:49] [Server thread/INFO]: /fk: 
[15:18:49] [Server thread/INFO]: /forceload: A Mojang provided command.
[15:18:49] [Server thread/INFO]: /function: A Mojang provided command.
[15:18:49] [Server thread/INFO]: /gamemode: A Mojang provided command.
[15:18:49] [Server thread/INFO]: /gamerule: A Mojang provided command.
[15:18:49] [Server thread/INFO]: /give: A Mojang provided command.
[15:18:49] [Server thread/INFO]: /help: Shows the help menu
[15:18:49] [Server thread/INFO]: /item: A Mojang provided command.
[15:18:49] [Server thread/INFO]: /jfr: A Mojang provided command.
[15:18:49] [Server thread/INFO]: /kick: A Mojang provided command.
[15:18:49] [Server thread/INFO]: /kill: A Mojang provided command.
[15:18:49] [Server thread/INFO]: /list: A Mojang provided command.
[15:18:49] [Server thread/INFO]: /locate: A Mojang provided command.
[15:18:49] [Server thread/INFO]: /loot: A Mojang provided command.
[15:18:49] [Server thread/INFO]: /me: A Mojang provided command.
[15:18:49] [Server thread/INFO]: /minecraft:advancement: A Mojang provided command.
[15:18:49] [Server thread/INFO]: /minecraft:attribute: A Mojang provided command.
[15:18:49] [Server thread/INFO]: /minecraft:ban: A Mojang provided command.
[15:18:49] [Server thread/INFO]: /minecraft:ban-ip: A Mojang provided command.
[15:18:49] [Server thread/INFO]: /minecraft:banlist: A Mojang provided command.
[15:18:49] [Server thread/INFO]: /minecraft:bossbar: A Mojang provided command.
[15:18:49] [Server thread/INFO]: /minecraft:clear: A Mojang provided command.
[15:18:49] [Server thread/INFO]: /minecraft:clone: A Mojang provided command.
[15:18:49] [Server thread/INFO]: /minecraft:damage: A Mojang provided command.
[15:18:49] [Server thread/INFO]: /minecraft:data: A Mojang provided command.
[15:18:49] [Server thread/INFO]: /minecraft:datapack: A Mojang provided command.
[15:18:49] [Server thread/INFO]: /minecraft:debug: A Mojang provided command.
[15:18:49] [Server thread/INFO]: /minecraft:defaultgamemode: A Mojang provided command.
[15:18:49] [Server thread/INFO]: /minecraft:deop: A Mojang provided command.
[15:18:49] [Server thread/INFO]: /minecraft:dialog: A Mojang provided command.
[15:18:49] [Server thread/INFO]: /minecraft:difficulty: A Mojang provided command.
[15:18:49] [Server thread/INFO]: /minecraft:effect: A Mojang provided command.
[15:18:49] [Server thread/INFO]: /minecraft:enchant: A Mojang provided command.
[15:18:49] [Server thread/INFO]: /minecraft:execute: A Mojang provided command.
[15:18:49] [Server thread/INFO]: /minecraft:experience: A Mojang provided command.
[15:18:49] [Server thread/INFO]: /minecraft:fetchprofile: A Mojang provided command.
[15:18:49] [Server thread/INFO]: /minecraft:fill: A Mojang provided command.
[15:18:49] [Server thread/INFO]: /minecraft:fillbiome: A Mojang provided command.
[15:18:49] [Server thread/INFO]: /minecraft:forceload: A Mojang provided command.
[15:18:49] [Server thread/INFO]: /minecraft:function: A Mojang provided command.
[15:18:49] [Server thread/INFO]: /minecraft:gamemode: A Mojang provided command.
[15:18:49] [Server thread/INFO]: /minecraft:gamerule: A Mojang provided command.
[15:18:49] [Server thread/INFO]: /minecraft:give: A Mojang provided command.
[15:18:49] [Server thread/INFO]: /minecraft:help: A Mojang provided command.
[15:18:49] [Server thread/INFO]: /minecraft:item: A Mojang provided command.
[15:18:49] [Server thread/INFO]: /minecraft:jfr: A Mojang provided command.
[15:18:49] [Server thread/INFO]: /minecraft:kick: A Mojang provided command.
[15:18:49] [Server thread/INFO]: /minecraft:kill: A Mojang provided command.
[15:18:49] [Server thread/INFO]: /minecraft:list: A Mojang provided command.
[15:18:49] [Server thread/INFO]: /minecraft:locate: A Mojang provided command.
[15:18:49] [Server thread/INFO]: /minecraft:loot: A Mojang provided command.
[15:18:49] [Server thread/INFO]: /minecraft:me: A Mojang provided command.
[15:18:49] [Server thread/INFO]: /minecraft:msg: A Mojang provided command.
[15:18:49] [Server thread/INFO]: /minecraft:op: A Mojang provided command.
[15:18:49] [Server thread/INFO]: /minecraft:pardon: A Mojang provided command.
[15:18:49] [Server thread/INFO]: /minecraft:pardon-ip: A Mojang provided command.
[15:18:49] [Server thread/INFO]: /minecraft:particle: A Mojang provided command.
[15:18:49] [Server thread/INFO]: /minecraft:perf: A Mojang provided command.
[15:18:49] [Server thread/INFO]: /minecraft:place: A Mojang provided command.
[15:18:49] [Server thread/INFO]: /minecraft:playsound: A Mojang provided command.
[15:18:49] [Server thread/INFO]: /minecraft:random: A Mojang provided command.
[15:18:49] [Server thread/INFO]: /minecraft:recipe: A Mojang provided command.
[15:18:49] [Server thread/INFO]: /minecraft:reload: A Mojang provided command.
[15:18:49] [Server thread/INFO]: /minecraft:return: A Mojang provided command.
[15:18:49] [Server thread/INFO]: /minecraft:ride: A Mojang provided command.
[15:18:49] [Server thread/INFO]: /minecraft:rotate: A Mojang provided command.
[15:18:49] [Server thread/INFO]: /minecraft:save-all: A Mojang provided command.
[15:18:49] [Server thread/INFO]: /minecraft:save-off: A Mojang provided command.
[15:18:49] [Server thread/INFO]: /minecraft:save-on: A Mojang provided command.
[15:18:49] [Server thread/INFO]: /minecraft:say: A Mojang provided command.
[15:18:49] [Server thread/INFO]: /minecraft:schedule: A Mojang provided command.
[15:18:49] [Server thread/INFO]: /minecraft:scoreboard: A Mojang provided command.
[15:18:49] [Server thread/INFO]: /minecraft:seed: A Mojang provided command.
[15:18:49] [Server thread/INFO]: /minecraft:setblock: A Mojang provided command.
[15:18:49] [Server thread/INFO]: /minecraft:setidletimeout: A Mojang provided command.
[15:18:49] [Server thread/INFO]: /minecraft:setworldspawn: A Mojang provided command.
[15:18:49] [Server thread/INFO]: /minecraft:spawnpoint: A Mojang provided command.
[15:18:49] [Server thread/INFO]: /minecraft:spectate: A Mojang provided command.
[15:18:49] [Server thread/INFO]: /minecraft:spreadplayers: A Mojang provided command.
[15:18:49] [Server thread/INFO]: /minecraft:stop: A Mojang provided command.
[15:18:49] [Server thread/INFO]: /minecraft:stopsound: A Mojang provided command.
[15:18:49] [Server thread/INFO]: /minecraft:stopwatch: A Mojang provided command.
[15:18:49] [Server thread/INFO]: /minecraft:summon: A Mojang provided command.
[15:18:49] [Server thread/INFO]: /minecraft:tag: A Mojang provided command.
[15:18:49] [Server thread/INFO]: /minecraft:team: A Mojang provided command.
[15:18:49] [Server thread/INFO]: /minecraft:teammsg: A Mojang provided command.
[15:18:49] [Server thread/INFO]: /minecraft:teleport: A Mojang provided command.
[15:18:49] [Server thread/INFO]: /minecraft:tell: A Mojang provided command.
[15:18:49] [Server thread/INFO]: /minecraft:tellraw: A Mojang provided command.
[15:18:49] [Server thread/INFO]: /minecraft:test: A Mojang provided command.
[15:18:49] [Server thread/INFO]: /minecraft:tick: A Mojang provided command.
[15:18:49] [Server thread/INFO]: /minecraft:time: A Mojang provided command.
[15:18:49] [Server thread/INFO]: /minecraft:title: A Mojang provided command.
[15:18:49] [Server thread/INFO]: /minecraft:tm: A Mojang provided command.
[15:18:49] [Server thread/INFO]: /minecraft:tp: A Mojang provided command.
[15:18:49] [Server thread/INFO]: /minecraft:transfer: A Mojang provided command.
[15:18:49] [Server thread/INFO]: /minecraft:trigger: A Mojang provided command.
[15:18:49] [Server thread/INFO]: /minecraft:version: A Mojang provided command.
[15:18:49] [Server thread/INFO]: /minecraft:w: A Mojang provided command.
[15:18:49] [Server thread/INFO]: /minecraft:waypoint: A Mojang provided command.
[15:18:49] [Server thread/INFO]: /minecraft:weather: A Mojang provided command.
[15:18:49] [Server thread/INFO]: /minecraft:whitelist: A Mojang provided command.
[15:18:49] [Server thread/INFO]: /minecraft:worldborder: A Mojang provided command.
[15:18:49] [Server thread/INFO]: /minecraft:xp: A Mojang provided command.
[15:18:49] [Server thread/INFO]: /msg: A Mojang provided command.
[15:18:49] [Server thread/INFO]: /mspt: View server tick times
[15:18:49] [Server thread/INFO]: /op: A Mojang provided command.
[15:18:49] [Server thread/INFO]: /paper: Paper related commands
[15:18:49] [Server thread/INFO]: /paper:spark: 
[15:18:49] [Server thread/INFO]: /pardon: A Mojang provided command.
[15:18:49] [Server thread/INFO]: /pardon-ip: A Mojang provided command.
[15:18:49] [Server thread/INFO]: /particle: A Mojang provided command.
[15:18:49] [Server thread/INFO]: /perf: A Mojang provided command.
[15:18:49] [Server thread/INFO]: /pl: Gets a list of plugins running on the server
[15:18:49] [Server thread/INFO]: /place: A Mojang provided command.
[15:18:49] [Server thread/INFO]: /playsound: A Mojang provided command.
[15:18:49] [Server thread/INFO]: /plugins: Gets a list of plugins running on the server
[15:18:49] [Server thread/INFO]: /random: A Mojang provided command.
[15:18:49] [Server thread/INFO]: /recipe: A Mojang provided command.
[15:18:49] [Server thread/INFO]: /reload: A Mojang provided command.
[15:18:49] [Server thread/INFO]: /restart: Restarts the server
[15:18:49] [Server thread/INFO]: /return: A Mojang provided command.
[15:18:49] [Server thread/INFO]: /ride: A Mojang provided command.
[15:18:49] [Server thread/INFO]: /rotate: A Mojang provided command.
[15:18:49] [Server thread/INFO]: /save-all: A Mojang provided command.
[15:18:49] [Server thread/INFO]: /save-off: A Mojang provided command.
[15:18:49] [Server thread/INFO]: /save-on: A Mojang provided command.
[15:18:49] [Server thread/INFO]: /say: A Mojang provided command.
[15:18:49] [Server thread/INFO]: /schedule: A Mojang provided command.
[15:18:49] [Server thread/INFO]: /scoreboard: A Mojang provided command.
[15:18:49] [Server thread/INFO]: /seed: A Mojang provided command.
[15:18:49] [Server thread/INFO]: /setblock: A Mojang provided command.
[15:18:49] [Server thread/INFO]: /setidletimeout: A Mojang provided command.
[15:18:49] [Server thread/INFO]: /setworldspawn: A Mojang provided command.
[15:18:49] [Server thread/INFO]: /spark: 
[15:18:49] [Server thread/INFO]: /spawnpoint: A Mojang provided command.
[15:18:49] [Server thread/INFO]: /spectate: A Mojang provided command.
[15:18:49] [Server thread/INFO]: /spigot: Spigot related commands
[15:18:49] [Server thread/INFO]: /spreadplayers: A Mojang provided command.
[15:18:49] [Server thread/INFO]: /stop: A Mojang provided command.
[15:18:49] [Server thread/INFO]: /stopsound: A Mojang provided command.
[15:18:49] [Server thread/INFO]: /stopwatch: A Mojang provided command.
[15:18:49] [Server thread/INFO]: /summon: A Mojang provided command.
[15:18:49] [Server thread/INFO]: /tag: A Mojang provided command.
[15:18:49] [Server thread/INFO]: /team: A Mojang provided command.
[15:18:49] [Server thread/INFO]: /teammsg: A Mojang provided command.
[15:18:49] [Server thread/INFO]: /teleport: A Mojang provided command.
[15:18:49] [Server thread/INFO]: /tell: A Mojang provided command.
[15:18:49] [Server thread/INFO]: /tellraw: A Mojang provided command.
[15:18:49] [Server thread/INFO]: /test: A Mojang provided command.
[15:18:49] [Server thread/INFO]: /tick: A Mojang provided command.
[15:18:49] [Server thread/INFO]: /time: A Mojang provided command.
[15:18:49] [Server thread/INFO]: /timings: Manages Spigot Timings data to see performance of the server.
[15:18:49] [Server thread/INFO]: /title: A Mojang provided command.
[15:18:49] [Server thread/INFO]: /tm: A Mojang provided command.
[15:18:49] [Server thread/INFO]: /tp: A Mojang provided command.
[15:18:49] [Server thread/INFO]: /tps: Gets the current ticks per second for the server
[15:18:49] [Server thread/INFO]: /transfer: A Mojang provided command.
[15:18:49] [Server thread/INFO]: /trigger: A Mojang provided command.
[15:18:49] [Server thread/INFO]: /ver: Gets the version of this server including any plugins in use
[15:18:49] [Server thread/INFO]: /version: Gets the version of this server including any plugins in use
[15:18:49] [Server thread/INFO]: /w: A Mojang provided command.
[15:18:49] [Server thread/INFO]: /waypoint: A Mojang provided command.
[15:18:49] [Server thread/INFO]: /weather: A Mojang provided command.
[15:18:49] [Server thread/INFO]: /whitelist: A Mojang provided command.
[15:18:49] [Server thread/INFO]: /worldborder: A Mojang provided command.
[15:18:49] [Server thread/INFO]: /xp: A Mojang provided command.
[15:19:17] [Server thread/INFO]: [Fk] Mattmathbg was killed
[15:19:17] [Server thread/INFO]: Killed Mattmathbg
[15:24:57] [Server thread/INFO]: Stopping server
[15:24:57] [Server thread/INFO]: [FK] Disabling FallenKingdom v2.24.7
[15:24:57] [Server thread/INFO]: Saving players
[15:24:57] [Server thread/INFO]: Mattmathbg lost connection: Server closed
[15:24:57] [Server thread/INFO]: Mattmathbg left the game
[15:24:58] [Server thread/INFO]: Saving worlds
[15:24:58] [Server thread/INFO]: Saving chunks for level 'ServerLevel[world]'/minecraft:overworld
[15:24:58] [Server thread/INFO]: [ChunkHolderManager] Waiting 60s for chunk system to halt for world 'world'
[15:24:58] [Server thread/INFO]: [ChunkHolderManager] Halted chunk system for world 'world'
[15:24:58] [Server thread/INFO]: [ChunkHolderManager] Saving all chunkholders for world 'world'
[15:24:58] [Server thread/INFO]: [ChunkHolderManager] Saved 744 block chunks, 227 entity chunks, 0 poi chunks in world 'world' in 0,20s
[15:24:58] [Server thread/INFO]: [ChunkHolderManager] Waiting 60s for chunk I/O to halt for world 'world'
[15:24:58] [Server thread/INFO]: [ChunkHolderManager] Halted I/O scheduler for world 'world'
[15:24:58] [Server thread/INFO]: Saving chunks for level 'ServerLevel[world_nether]'/minecraft:the_nether
[15:24:58] [Server thread/INFO]: [ChunkHolderManager] Waiting 60s for chunk system to halt for world 'world_nether'
[15:24:58] [Server thread/INFO]: [ChunkHolderManager] Halted chunk system for world 'world_nether'
[15:24:58] [Server thread/INFO]: [ChunkHolderManager] Saving all chunkholders for world 'world_nether'
[15:24:58] [Server thread/INFO]: [ChunkHolderManager] Saved 0 block chunks, 0 entity chunks, 0 poi chunks in world 'world_nether' in 0,00s
[15:24:58] [Server thread/INFO]: [ChunkHolderManager] Waiting 60s for chunk I/O to halt for world 'world_nether'
[15:24:58] [Server thread/INFO]: [ChunkHolderManager] Halted I/O scheduler for world 'world_nether'
[15:24:58] [Server thread/INFO]: Saving chunks for level 'ServerLevel[world_the_end]'/minecraft:the_end
[15:24:58] [Server thread/INFO]: [ChunkHolderManager] Waiting 60s for chunk system to halt for world 'world_the_end'
[15:24:58] [Server thread/INFO]: [ChunkHolderManager] Halted chunk system for world 'world_the_end'
[15:24:58] [Server thread/INFO]: [ChunkHolderManager] Saving all chunkholders for world 'world_the_end'
[15:24:58] [Server thread/INFO]: [ChunkHolderManager] Saved 0 block chunks, 0 entity chunks, 0 poi chunks in world 'world_the_end' in 0,00s
[15:24:58] [Server thread/INFO]: [ChunkHolderManager] Waiting 60s for chunk I/O to halt for world 'world_the_end'
[15:24:58] [Server thread/INFO]: [ChunkHolderManager] Halted I/O scheduler for world 'world_the_end'
[15:24:58] [Server thread/INFO]: ThreadedAnvilChunkStorage (world): All chunks are saved
[15:24:58] [Server thread/INFO]: ThreadedAnvilChunkStorage (DIM-1): All chunks are saved
[15:24:58] [Server thread/INFO]: ThreadedAnvilChunkStorage (DIM1): All chunks are saved
[15:24:58] [Server thread/INFO]: ThreadedAnvilChunkStorage: All dimensions are saved
[15:24:58] [Server thread/INFO]: Waiting for all RegionFile I/O tasks to complete...
[15:24:58] [Server thread/INFO]: All RegionFile I/O tasks to complete
[15:24:58] [Server thread/INFO]: [MoonriseCommon] Awaiting termination of worker pool for up to 60s...
[15:24:58] [Server thread/INFO]: [MoonriseCommon] Awaiting termination of I/O pool for up to 60s...
